<?xml version="1.0" encoding="UTF-8"?>
<!-- Generated by org.testng.reporters.JUnitReportReporter -->
<testsuite hostname="MAVBCP75" name="com.testscenerios.EMI_Vimal" tests="1" failures="0" timestamp="9 Jun 2020 07:20:26 GMT" time="69.562" errors="0">
  <testcase name="EMI_ViewEMI" time="69.562" classname="com.testscenerios.EMI_Vimal"/>
</testsuite> <!-- com.testscenerios.EMI_Vimal -->
