<?xml version="1.0" encoding="UTF-8"?>
<!-- Generated by org.testng.reporters.JUnitReportReporter -->
<testsuite hostname="MAVBCP75" name="com.testscenerios.WheelSize_Chandrika" tests="1" failures="0" timestamp="9 Jun 2020 09:48:26 GMT" time="51.859" errors="0">
  <testcase name="WheelappDemo" time="51.859" classname="com.testscenerios.WheelSize_Chandrika"/>
</testsuite> <!-- com.testscenerios.WheelSize_Chandrika -->
